Flow report for Dual7SegMemoryExample
Wed Mar 23 16:25:56 2016
Quartus II 64-Bit Version 13.0.1 Build 232 06/12/2013 Service Pack 1 SJ Web Edition


---------------------
; Table of Contents ;
---------------------
  1. Legal Notice
  2. Flow Summary
  3. Flow Settings
  4. Flow Non-Default Global Settings
  5. Flow Elapsed Time
  6. Flow OS Summary
  7. Flow Log
  8. Flow Messages
  9. Flow Suppressed Messages



----------------
; Legal Notice ;
----------------
Copyright (C) 1991-2013 Altera Corporation
Your use of Altera Corporation's design tools, logic functions 
and other software and tools, and its AMPP partner logic 
functions, and any output files from any of the foregoing 
(including device programming or simulation files), and any 
associated documentation or information are expressly subject 
to the terms and conditions of the Altera Program License 
Subscription Agreement, Altera MegaCore Function License 
Agreement, or other applicable license agreement, including, 
without limitation, that your use is for the sole purpose of 
programming logic devices manufactured by Altera and sold by 
Altera or its authorized distributors.  Please refer to the 
applicable agreement for further details.



+--------------------------------------------------------------------------------------+
; Flow Summary                                                                         ;
+------------------------------------+-------------------------------------------------+
; Flow Status                        ; Successful - Wed Mar 23 16:25:56 2016           ;
; Quartus II 64-Bit Version          ; 13.0.1 Build 232 06/12/2013 SP 1 SJ Web Edition ;
; Revision Name                      ; Dual7SegMemoryExample                           ;
; Top-level Entity Name              ; Dual7SegMemoryExample                           ;
; Family                             ; Cyclone II                                      ;
; Device                             ; EP2C20F484C7                                    ;
; Timing Models                      ; Final                                           ;
; Total logic elements               ; 16 / 18,752 ( < 1 % )                           ;
;     Total combinational functions  ; 9 / 18,752 ( < 1 % )                            ;
;     Dedicated logic registers      ; 14 / 18,752 ( < 1 % )                           ;
; Total registers                    ; 14                                              ;
; Total pins                         ; 20 / 315 ( 6 % )                                ;
; Total virtual pins                 ; 0                                               ;
; Total memory bits                  ; 0 / 239,616 ( 0 % )                             ;
; Embedded Multiplier 9-bit elements ; 0 / 52 ( 0 % )                                  ;
; Total PLLs                         ; 0 / 4 ( 0 % )                                   ;
+------------------------------------+-------------------------------------------------+


+-------------------------------------------+
; Flow Settings                             ;
+-------------------+-----------------------+
; Option            ; Setting               ;
+-------------------+-----------------------+
; Start date & time ; 03/23/2016 16:25:36   ;
; Main task         ; Compilation           ;
; Revision Name     ; Dual7SegMemoryExample ;
+-------------------+-----------------------+


+--------------------------------------------------------------------------------------------------------------------+
; Flow Non-Default Global Settings                                                                                   ;
+-------------------------------------+-------------------------------+---------------+-------------+----------------+
; Assignment Name                     ; Value                         ; Default Value ; Entity Name ; Section Id     ;
+-------------------------------------+-------------------------------+---------------+-------------+----------------+
; COMPILER_SIGNATURE_ID               ; 8796755510901.145876113602774 ; --            ; --          ; --             ;
; EDA_OUTPUT_DATA_FORMAT              ; Vhdl                          ; --            ; --          ; eda_simulation ;
; EDA_SIMULATION_TOOL                 ; ModelSim-Altera (VHDL)        ; <None>        ; --          ; --             ;
; MAX_CORE_JUNCTION_TEMP              ; 85                            ; --            ; --          ; --             ;
; MIN_CORE_JUNCTION_TEMP              ; 0                             ; --            ; --          ; --             ;
; PARTITION_COLOR                     ; 16764057                      ; --            ; --          ; Top            ;
; PARTITION_FITTER_PRESERVATION_LEVEL ; PLACEMENT_AND_ROUTING         ; --            ; --          ; Top            ;
; PARTITION_NETLIST_TYPE              ; SOURCE                        ; --            ; --          ; Top            ;
; PROJECT_OUTPUT_DIRECTORY            ; output_files                  ; --            ; --          ; --             ;
+-------------------------------------+-------------------------------+---------------+-------------+----------------+


+-------------------------------------------------------------------------------------------------------------------------------+
; Flow Elapsed Time                                                                                                             ;
+---------------------------+--------------+-------------------------+---------------------+------------------------------------+
; Module Name               ; Elapsed Time ; Average Processors Used ; Peak Virtual Memory ; Total CPU Time (on all processors) ;
+---------------------------+--------------+-------------------------+---------------------+------------------------------------+
; Analysis & Synthesis      ; 00:00:01     ; 1.0                     ; 560 MB              ; 00:00:01                           ;
; Fitter                    ; 00:00:05     ; 1.0                     ; 688 MB              ; 00:00:05                           ;
; Assembler                 ; 00:00:02     ; 1.0                     ; 546 MB              ; 00:00:02                           ;
; TimeQuest Timing Analyzer ; 00:00:01     ; 1.0                     ; 502 MB              ; 00:00:01                           ;
; EDA Netlist Writer        ; 00:00:01     ; 1.0                     ; 788 MB              ; 00:00:01                           ;
; Total                     ; 00:00:10     ; --                      ; --                  ; 00:00:10                           ;
+---------------------------+--------------+-------------------------+---------------------+------------------------------------+


+-------------------------------------------------------------------------------------------+
; Flow OS Summary                                                                           ;
+---------------------------+------------------+--------------+------------+----------------+
; Module Name               ; Machine Hostname ; OS Name      ; OS Version ; Processor type ;
+---------------------------+------------------+--------------+------------+----------------+
; Analysis & Synthesis      ; Quartus-Linux    ; Ubuntu 14.04 ; 14         ; x86_64         ;
; Fitter                    ; Quartus-Linux    ; Ubuntu 14.04 ; 14         ; x86_64         ;
; Assembler                 ; Quartus-Linux    ; Ubuntu 14.04 ; 14         ; x86_64         ;
; TimeQuest Timing Analyzer ; Quartus-Linux    ; Ubuntu 14.04 ; 14         ; x86_64         ;
; EDA Netlist Writer        ; Quartus-Linux    ; Ubuntu 14.04 ; 14         ; x86_64         ;
+---------------------------+------------------+--------------+------------+----------------+


------------
; Flow Log ;
------------
quartus_map --read_settings_files=on --write_settings_files=off Dual7SegMemoryExample -c Dual7SegMemoryExample
quartus_fit --read_settings_files=off --write_settings_files=off Dual7SegMemoryExample -c Dual7SegMemoryExample
quartus_asm --read_settings_files=off --write_settings_files=off Dual7SegMemoryExample -c Dual7SegMemoryExample
quartus_sta Dual7SegMemoryExample -c Dual7SegMemoryExample
quartus_eda --read_settings_files=off --write_settings_files=off Dual7SegMemoryExample -c Dual7SegMemoryExample



