Analysis & Synthesis report for LightBar
Fri Mar 29 15:47:39 2019
Quartus II 64-Bit Version 13.0.1 Build 232 06/12/2013 Service Pack 1 SJ Web Edition


---------------------
; Table of Contents ;
---------------------
  1. Legal Notice
  2. Analysis & Synthesis Summary
  3. Analysis & Synthesis Settings
  4. Parallel Compilation
  5. Analysis & Synthesis Source Files Read
  6. Analysis & Synthesis Resource Usage Summary
  7. Analysis & Synthesis Resource Utilization by Entity
  8. Registers Removed During Synthesis
  9. General Register Statistics
 10. Inverted Register Statistics
 11. Multiplexer Restructuring Statistics (Restructuring Performed)
 12. Parameter Settings for User Entity Instance: ControlCircuit:controler|ControlerClock:clk
 13. Parameter Settings for User Entity Instance: LightPattern0:p0|PatternClock0:clk
 14. Parameter Settings for User Entity Instance: LightPattern1:p1|PatternClock1:clk
 15. Parameter Settings for User Entity Instance: LightPattern2:p2|PatternClock2:clk
 16. Parameter Settings for User Entity Instance: LightPattern3:p3|PatternClock2:clk
 17. Port Connectivity Checks: "LightPattern3:p3|PatternClock2:clk"
 18. Port Connectivity Checks: "LightPattern2:p2|PatternClock2:clk"
 19. Port Connectivity Checks: "LightPattern1:p1|PatternClock1:clk"
 20. Port Connectivity Checks: "LightPattern0:p0|PatternClock0:clk"
 21. Elapsed Time Per Partition
 22. Analysis & Synthesis Messages



----------------
; Legal Notice ;
----------------
Copyright (C) 1991-2013 Altera Corporation
Your use of Altera Corporation's design tools, logic functions 
and other software and tools, and its AMPP partner logic 
functions, and any output files from any of the foregoing 
(including device programming or simulation files), and any 
associated documentation or information are expressly subject 
to the terms and conditions of the Altera Program License 
Subscription Agreement, Altera MegaCore Function License 
Agreement, or other applicable license agreement, including, 
without limitation, that your use is for the sole purpose of 
programming logic devices manufactured by Altera and sold by 
Altera or its authorized distributors.  Please refer to the 
applicable agreement for further details.



+--------------------------------------------------------------------------------------+
; Analysis & Synthesis Summary                                                         ;
+------------------------------------+-------------------------------------------------+
; Analysis & Synthesis Status        ; Successful - Fri Mar 29 15:47:39 2019           ;
; Quartus II 64-Bit Version          ; 13.0.1 Build 232 06/12/2013 SP 1 SJ Web Edition ;
; Revision Name                      ; LightBar                                        ;
; Top-level Entity Name              ; LightBar                                        ;
; Family                             ; Cyclone II                                      ;
; Total logic elements               ; 350                                             ;
;     Total combinational functions  ; 348                                             ;
;     Dedicated logic registers      ; 180                                             ;
; Total registers                    ; 180                                             ;
; Total pins                         ; 27                                              ;
; Total virtual pins                 ; 0                                               ;
; Total memory bits                  ; 0                                               ;
; Embedded Multiplier 9-bit elements ; 0                                               ;
; Total PLLs                         ; 0                                               ;
+------------------------------------+-------------------------------------------------+


+----------------------------------------------------------------------------------------------------------------------+
; Analysis & Synthesis Settings                                                                                        ;
+----------------------------------------------------------------------------+--------------------+--------------------+
; Option                                                                     ; Setting            ; Default Value      ;
+----------------------------------------------------------------------------+--------------------+--------------------+
; Device                                                                     ; EP2C20F484C7       ;                    ;
; Top-level entity name                                                      ; LightBar           ; LightBar           ;
; Family name                                                                ; Cyclone II         ; Cyclone IV GX      ;
; Use smart compilation                                                      ; Off                ; Off                ;
; Enable parallel Assembler and TimeQuest Timing Analyzer during compilation ; On                 ; On                 ;
; Enable compact report table                                                ; Off                ; Off                ;
; Restructure Multiplexers                                                   ; Auto               ; Auto               ;
; Create Debugging Nodes for IP Cores                                        ; Off                ; Off                ;
; Preserve fewer node names                                                  ; On                 ; On                 ;
; Disable OpenCore Plus hardware evaluation                                  ; Off                ; Off                ;
; Verilog Version                                                            ; Verilog_2001       ; Verilog_2001       ;
; VHDL Version                                                               ; VHDL_1993          ; VHDL_1993          ;
; State Machine Processing                                                   ; Auto               ; Auto               ;
; Safe State Machine                                                         ; Off                ; Off                ;
; Extract Verilog State Machines                                             ; On                 ; On                 ;
; Extract VHDL State Machines                                                ; On                 ; On                 ;
; Ignore Verilog initial constructs                                          ; Off                ; Off                ;
; Iteration limit for constant Verilog loops                                 ; 5000               ; 5000               ;
; Iteration limit for non-constant Verilog loops                             ; 250                ; 250                ;
; Add Pass-Through Logic to Inferred RAMs                                    ; On                 ; On                 ;
; Infer RAMs from Raw Logic                                                  ; On                 ; On                 ;
; Parallel Synthesis                                                         ; On                 ; On                 ;
; DSP Block Balancing                                                        ; Auto               ; Auto               ;
; NOT Gate Push-Back                                                         ; On                 ; On                 ;
; Power-Up Don't Care                                                        ; On                 ; On                 ;
; Remove Redundant Logic Cells                                               ; Off                ; Off                ;
; Remove Duplicate Registers                                                 ; On                 ; On                 ;
; Ignore CARRY Buffers                                                       ; Off                ; Off                ;
; Ignore CASCADE Buffers                                                     ; Off                ; Off                ;
; Ignore GLOBAL Buffers                                                      ; Off                ; Off                ;
; Ignore ROW GLOBAL Buffers                                                  ; Off                ; Off                ;
; Ignore LCELL Buffers                                                       ; Off                ; Off                ;
; Ignore SOFT Buffers                                                        ; On                 ; On                 ;
; Limit AHDL Integers to 32 Bits                                             ; Off                ; Off                ;
; Optimization Technique                                                     ; Balanced           ; Balanced           ;
; Carry Chain Length                                                         ; 70                 ; 70                 ;
; Auto Carry Chains                                                          ; On                 ; On                 ;
; Auto Open-Drain Pins                                                       ; On                 ; On                 ;
; Perform WYSIWYG Primitive Resynthesis                                      ; Off                ; Off                ;
; Auto ROM Replacement                                                       ; On                 ; On                 ;
; Auto RAM Replacement                                                       ; On                 ; On                 ;
; Auto Shift Register Replacement                                            ; Auto               ; Auto               ;
; Allow Shift Register Merging across Hierarchies                            ; Auto               ; Auto               ;
; Auto Clock Enable Replacement                                              ; On                 ; On                 ;
; Strict RAM Replacement                                                     ; Off                ; Off                ;
; Allow Synchronous Control Signals                                          ; On                 ; On                 ;
; Force Use of Synchronous Clear Signals                                     ; Off                ; Off                ;
; Auto RAM to Logic Cell Conversion                                          ; Off                ; Off                ;
; Auto Resource Sharing                                                      ; Off                ; Off                ;
; Allow Any RAM Size For Recognition                                         ; Off                ; Off                ;
; Allow Any ROM Size For Recognition                                         ; Off                ; Off                ;
; Allow Any Shift Register Size For Recognition                              ; Off                ; Off                ;
; Use LogicLock Constraints during Resource Balancing                        ; On                 ; On                 ;
; Ignore translate_off and synthesis_off directives                          ; Off                ; Off                ;
; Timing-Driven Synthesis                                                    ; Off                ; Off                ;
; Report Parameter Settings                                                  ; On                 ; On                 ;
; Report Source Assignments                                                  ; On                 ; On                 ;
; Report Connectivity Checks                                                 ; On                 ; On                 ;
; Ignore Maximum Fan-Out Assignments                                         ; Off                ; Off                ;
; Synchronization Register Chain Length                                      ; 2                  ; 2                  ;
; PowerPlay Power Optimization                                               ; Normal compilation ; Normal compilation ;
; HDL message level                                                          ; Level2             ; Level2             ;
; Suppress Register Optimization Related Messages                            ; Off                ; Off                ;
; Number of Removed Registers Reported in Synthesis Report                   ; 5000               ; 5000               ;
; Number of Swept Nodes Reported in Synthesis Report                         ; 5000               ; 5000               ;
; Number of Inverted Registers Reported in Synthesis Report                  ; 100                ; 100                ;
; Clock MUX Protection                                                       ; On                 ; On                 ;
; Auto Gated Clock Conversion                                                ; Off                ; Off                ;
; Block Design Naming                                                        ; Auto               ; Auto               ;
; SDC constraint protection                                                  ; Off                ; Off                ;
; Synthesis Effort                                                           ; Auto               ; Auto               ;
; Shift Register Replacement - Allow Asynchronous Clear Signal               ; On                 ; On                 ;
; Pre-Mapping Resynthesis Optimization                                       ; Off                ; Off                ;
; Analysis & Synthesis Message Level                                         ; Medium             ; Medium             ;
; Disable Register Merging Across Hierarchies                                ; Auto               ; Auto               ;
; Resource Aware Inference For Block RAM                                     ; On                 ; On                 ;
; Synthesis Seed                                                             ; 1                  ; 1                  ;
+----------------------------------------------------------------------------+--------------------+--------------------+


Parallel compilation was disabled, but you have multiple processors available. Enable parallel compilation to reduce compilation time.
+-------------------------------------+
; Parallel Compilation                ;
+----------------------------+--------+
; Processors                 ; Number ;
+----------------------------+--------+
; Number detected on machine ; 2      ;
; Maximum allowed            ; 1      ;
+----------------------------+--------+


+----------------------------------------------------------------------------------------------------------------------------------------------+
; Analysis & Synthesis Source Files Read                                                                                                       ;
+----------------------------------+-----------------+------------------------+------------------------------------------------------+---------+
; File Name with User-Entered Path ; Used in Netlist ; File Type              ; File Name with Absolute Path                         ; Library ;
+----------------------------------+-----------------+------------------------+------------------------------------------------------+---------+
; LightPattern3.v                  ; yes             ; User Verilog HDL File  ; /home/quartususer/Desktop/LightBar/LightPattern3.v   ;         ;
; LightPattern2.v                  ; yes             ; User Verilog HDL File  ; /home/quartususer/Desktop/LightBar/LightPattern2.v   ;         ;
; LightPattern1.v                  ; yes             ; User Verilog HDL File  ; /home/quartususer/Desktop/LightBar/LightPattern1.v   ;         ;
; LightPattern0.v                  ; yes             ; User Verilog HDL File  ; /home/quartususer/Desktop/LightBar/LightPattern0.v   ;         ;
; LightBar.v                       ; yes             ; User Verilog HDL File  ; /home/quartususer/Desktop/LightBar/LightBar.v        ;         ;
; decoder7Segment.v                ; yes             ; User Verilog HDL File  ; /home/quartususer/Desktop/LightBar/decoder7Segment.v ;         ;
; ControlCircuit.v                 ; yes             ; User Verilog HDL File  ; /home/quartususer/Desktop/LightBar/ControlCircuit.v  ;         ;
+----------------------------------+-----------------+------------------------+------------------------------------------------------+---------+


+-------------------------------------------------------+
; Analysis & Synthesis Resource Usage Summary           ;
+---------------------------------------------+---------+
; Resource                                    ; Usage   ;
+---------------------------------------------+---------+
; Estimated Total logic elements              ; 350     ;
;                                             ;         ;
; Total combinational functions               ; 348     ;
; Logic element usage by number of LUT inputs ;         ;
;     -- 4 input functions                    ; 109     ;
;     -- 3 input functions                    ; 19      ;
;     -- <=2 input functions                  ; 220     ;
;                                             ;         ;
; Logic elements by mode                      ;         ;
;     -- normal mode                          ; 193     ;
;     -- arithmetic mode                      ; 155     ;
;                                             ;         ;
; Total registers                             ; 180     ;
;     -- Dedicated logic registers            ; 180     ;
;     -- I/O registers                        ; 0       ;
;                                             ;         ;
; I/O pins                                    ; 27      ;
; Embedded Multiplier 9-bit elements          ; 0       ;
; Maximum fan-out node                        ; iButton ;
; Maximum fan-out                             ; 39      ;
; Total fan-out                               ; 1353    ;
; Average fan-out                             ; 2.44    ;
+---------------------------------------------+---------+


+------------------------------------------------------------------------------------------------------------------------------------------------------------------------------------------------------------------+
; Analysis & Synthesis Resource Utilization by Entity                                                                                                                                                              ;
+-------------------------------+-------------------+--------------+-------------+--------------+---------+-----------+------+--------------+-------------------------------------------------------+--------------+
; Compilation Hierarchy Node    ; LC Combinationals ; LC Registers ; Memory Bits ; DSP Elements ; DSP 9x9 ; DSP 18x18 ; Pins ; Virtual Pins ; Full Hierarchy Name                                   ; Library Name ;
+-------------------------------+-------------------+--------------+-------------+--------------+---------+-----------+------+--------------+-------------------------------------------------------+--------------+
; |LightBar                     ; 348 (34)          ; 180 (0)      ; 0           ; 0            ; 0       ; 0         ; 27   ; 0            ; |LightBar                                             ; work         ;
;    |ControlCircuit:controler| ; 73 (15)           ; 35 (2)       ; 0           ; 0            ; 0       ; 0         ; 0    ; 0            ; |LightBar|ControlCircuit:controler                    ; work         ;
;       |ControlerClock:clk|    ; 58 (58)           ; 33 (33)      ; 0           ; 0            ; 0       ; 0         ; 0    ; 0            ; |LightBar|ControlCircuit:controler|ControlerClock:clk ; work         ;
;    |LightPattern0:p0|         ; 59 (2)            ; 34 (1)       ; 0           ; 0            ; 0       ; 0         ; 0    ; 0            ; |LightBar|LightPattern0:p0                            ; work         ;
;       |PatternClock0:clk|     ; 57 (57)           ; 33 (33)      ; 0           ; 0            ; 0       ; 0         ; 0    ; 0            ; |LightBar|LightPattern0:p0|PatternClock0:clk          ; work         ;
;    |LightPattern1:p1|         ; 60 (3)            ; 36 (3)       ; 0           ; 0            ; 0       ; 0         ; 0    ; 0            ; |LightBar|LightPattern1:p1                            ; work         ;
;       |PatternClock1:clk|     ; 57 (57)           ; 33 (33)      ; 0           ; 0            ; 0       ; 0         ; 0    ; 0            ; |LightBar|LightPattern1:p1|PatternClock1:clk          ; work         ;
;    |LightPattern2:p2|         ; 59 (3)            ; 36 (3)       ; 0           ; 0            ; 0       ; 0         ; 0    ; 0            ; |LightBar|LightPattern2:p2                            ; work         ;
;       |PatternClock2:clk|     ; 56 (56)           ; 33 (33)      ; 0           ; 0            ; 0       ; 0         ; 0    ; 0            ; |LightBar|LightPattern2:p2|PatternClock2:clk          ; work         ;
;    |LightPattern3:p3|         ; 63 (7)            ; 39 (6)       ; 0           ; 0            ; 0       ; 0         ; 0    ; 0            ; |LightBar|LightPattern3:p3                            ; work         ;
;       |PatternClock2:clk|     ; 56 (56)           ; 33 (33)      ; 0           ; 0            ; 0       ; 0         ; 0    ; 0            ; |LightBar|LightPattern3:p3|PatternClock2:clk          ; work         ;
+-------------------------------+-------------------+--------------+-------------+--------------+---------+-----------+------+--------------+-------------------------------------------------------+--------------+
Note: For table entries with two numbers listed, the numbers in parentheses indicate the number of resources of the given type used by the specific entity alone. The numbers listed outside of parentheses indicate the total resources of the given type used by the specific entity and all of its sub-entities in the hierarchy.


+-------------------------------------------------------------------------------------+
; Registers Removed During Synthesis                                                  ;
+----------------------------------------+--------------------------------------------+
; Register name                          ; Reason for Removal                         ;
+----------------------------------------+--------------------------------------------+
; LightPattern2:p2|redLight[7]           ; Stuck at VCC due to stuck port data_in     ;
; LightPattern2:p2|greenLight[0]         ; Stuck at VCC due to stuck port data_in     ;
; LightPattern2:p2|greenLight[1,6]       ; Stuck at GND due to stuck port data_in     ;
; LightPattern2:p2|greenLight[7]         ; Stuck at VCC due to stuck port data_in     ;
; LightPattern2:p2|redLight[0]           ; Stuck at VCC due to stuck port data_in     ;
; LightPattern2:p2|redLight[1,6]         ; Stuck at GND due to stuck port data_in     ;
; LightPattern3:p3|greenLight[0,2]       ; Merged with LightPattern3:p3|redLight[7]   ;
; LightPattern3:p3|redLight[5]           ; Merged with LightPattern3:p3|redLight[7]   ;
; LightPattern3:p3|greenLight[3]         ; Merged with LightPattern3:p3|greenLight[1] ;
; LightPattern3:p3|greenLight[6]         ; Merged with LightPattern3:p3|greenLight[4] ;
; LightPattern3:p3|redLight[1,3]         ; Merged with LightPattern3:p3|greenLight[4] ;
; LightPattern3:p3|greenLight[7]         ; Merged with LightPattern3:p3|greenLight[5] ;
; LightPattern3:p3|redLight[0,2]         ; Merged with LightPattern3:p3|greenLight[5] ;
; LightPattern3:p3|redLight[6]           ; Merged with LightPattern3:p3|redLight[4]   ;
; LightPattern2:p2|redLight[5]           ; Merged with LightPattern2:p2|greenLight[2] ;
; LightPattern2:p2|greenLight[3]         ; Merged with LightPattern2:p2|greenLight[2] ;
; LightPattern2:p2|redLight[4]           ; Merged with LightPattern2:p2|greenLight[2] ;
; LightPattern2:p2|greenLight[5]         ; Merged with LightPattern2:p2|greenLight[4] ;
; LightPattern2:p2|redLight[2,3]         ; Merged with LightPattern2:p2|greenLight[4] ;
; LightPattern1:p1|greenLight[6,7]       ; Merged with LightPattern1:p1|redLight[7]   ;
; LightPattern1:p1|redLight[2,3]         ; Merged with LightPattern1:p1|redLight[7]   ;
; LightPattern1:p1|greenLight[2,3]       ; Merged with LightPattern1:p1|redLight[7]   ;
; LightPattern1:p1|redLight[6]           ; Merged with LightPattern1:p1|redLight[7]   ;
; LightPattern1:p1|greenLight[1]         ; Merged with LightPattern1:p1|greenLight[0] ;
; LightPattern1:p1|redLight[4,5]         ; Merged with LightPattern1:p1|greenLight[0] ;
; LightPattern1:p1|greenLight[4,5]       ; Merged with LightPattern1:p1|greenLight[0] ;
; LightPattern1:p1|redLight[0,1]         ; Merged with LightPattern1:p1|greenLight[0] ;
; LightPattern0:p0|greenLight[0..6]      ; Merged with LightPattern0:p0|greenLight[7] ;
; LightPattern0:p0|redLight[0..6]        ; Merged with LightPattern0:p0|redLight[7]   ;
; LightPattern3:p3|pattern[1]            ; Merged with LightPattern3:p3|redLight[7]   ;
; LightPattern1:p1|pattern[1]            ; Merged with LightPattern1:p1|greenLight[0] ;
; LightPattern2:p2|pattern[1]            ; Merged with LightPattern2:p2|greenLight[4] ;
; LightPattern0:p0|greenLight[7]         ; Merged with LightPattern0:p0|redLight[7]   ;
; Total Number of Removed Registers = 57 ;                                            ;
+----------------------------------------+--------------------------------------------+


+------------------------------------------------------+
; General Register Statistics                          ;
+----------------------------------------------+-------+
; Statistic                                    ; Value ;
+----------------------------------------------+-------+
; Total registers                              ; 180   ;
; Number of registers using Synchronous Clear  ; 0     ;
; Number of registers using Synchronous Load   ; 0     ;
; Number of registers using Asynchronous Clear ; 48    ;
; Number of registers using Asynchronous Load  ; 0     ;
; Number of registers using Clock Enable       ; 0     ;
; Number of registers using Preset             ; 0     ;
+----------------------------------------------+-------+


+--------------------------------------------------+
; Inverted Register Statistics                     ;
+----------------------------------------+---------+
; Inverted Register                      ; Fan out ;
+----------------------------------------+---------+
; LightPattern1:p1|redLight[7]           ; 5       ;
; LightPattern3:p3|redLight[7]           ; 5       ;
; LightPattern3:p3|redLight[4]           ; 2       ;
; LightPattern1:p1|greenLight[0]         ; 6       ;
; LightPattern3:p3|greenLight[5]         ; 3       ;
; Total number of inverted registers = 5 ;         ;
+----------------------------------------+---------+


+------------------------------------------------------------------------------------------------------------------------------------------+
; Multiplexer Restructuring Statistics (Restructuring Performed)                                                                           ;
+--------------------+-----------+---------------+----------------------+------------------------+------------+----------------------------+
; Multiplexer Inputs ; Bus Width ; Baseline Area ; Area if Restructured ; Saving if Restructured ; Registered ; Example Multiplexer Output ;
+--------------------+-----------+---------------+----------------------+------------------------+------------+----------------------------+
; 3:1                ; 2 bits    ; 4 LEs         ; 4 LEs                ; 0 LEs                  ; No         ; |LightBar|redLED           ;
; 3:1                ; 6 bits    ; 12 LEs        ; 12 LEs               ; 0 LEs                  ; No         ; |LightBar|redLED           ;
; 3:1                ; 4 bits    ; 8 LEs         ; 8 LEs                ; 0 LEs                  ; No         ; |LightBar|redLED           ;
; 4:1                ; 2 bits    ; 4 LEs         ; 4 LEs                ; 0 LEs                  ; No         ; |LightBar|redLED           ;
; 4:1                ; 2 bits    ; 4 LEs         ; 4 LEs                ; 0 LEs                  ; No         ; |LightBar|greenLED         ;
+--------------------+-----------+---------------+----------------------+------------------------+------------+----------------------------+


+------------------------------------------------------------------------------------------+
; Parameter Settings for User Entity Instance: ControlCircuit:controler|ControlerClock:clk ;
+----------------+-----------+-------------------------------------------------------------+
; Parameter Name ; Value     ; Type                                                        ;
+----------------+-----------+-------------------------------------------------------------+
; freq           ; 500000000 ; Signed Integer                                              ;
+----------------+-----------+-------------------------------------------------------------+
Note: In order to hide this table in the UI and the text report file, please set the "Show Parameter Settings in Synthesis Report" option in "Analysis and Synthesis Settings -> More Settings" to "Off".


+---------------------------------------------------------------------------------+
; Parameter Settings for User Entity Instance: LightPattern0:p0|PatternClock0:clk ;
+----------------+----------+-----------------------------------------------------+
; Parameter Name ; Value    ; Type                                                ;
+----------------+----------+-----------------------------------------------------+
; freq           ; 25000000 ; Signed Integer                                      ;
+----------------+----------+-----------------------------------------------------+
Note: In order to hide this table in the UI and the text report file, please set the "Show Parameter Settings in Synthesis Report" option in "Analysis and Synthesis Settings -> More Settings" to "Off".


+---------------------------------------------------------------------------------+
; Parameter Settings for User Entity Instance: LightPattern1:p1|PatternClock1:clk ;
+----------------+----------+-----------------------------------------------------+
; Parameter Name ; Value    ; Type                                                ;
+----------------+----------+-----------------------------------------------------+
; freq           ; 12500000 ; Signed Integer                                      ;
+----------------+----------+-----------------------------------------------------+
Note: In order to hide this table in the UI and the text report file, please set the "Show Parameter Settings in Synthesis Report" option in "Analysis and Synthesis Settings -> More Settings" to "Off".


+---------------------------------------------------------------------------------+
; Parameter Settings for User Entity Instance: LightPattern2:p2|PatternClock2:clk ;
+----------------+----------+-----------------------------------------------------+
; Parameter Name ; Value    ; Type                                                ;
+----------------+----------+-----------------------------------------------------+
; freq           ; 12500000 ; Signed Integer                                      ;
+----------------+----------+-----------------------------------------------------+
Note: In order to hide this table in the UI and the text report file, please set the "Show Parameter Settings in Synthesis Report" option in "Analysis and Synthesis Settings -> More Settings" to "Off".


+---------------------------------------------------------------------------------+
; Parameter Settings for User Entity Instance: LightPattern3:p3|PatternClock2:clk ;
+----------------+----------+-----------------------------------------------------+
; Parameter Name ; Value    ; Type                                                ;
+----------------+----------+-----------------------------------------------------+
; freq           ; 12500000 ; Signed Integer                                      ;
+----------------+----------+-----------------------------------------------------+
Note: In order to hide this table in the UI and the text report file, please set the "Show Parameter Settings in Synthesis Report" option in "Analysis and Synthesis Settings -> More Settings" to "Off".


+----------------------------------------------------------------+
; Port Connectivity Checks: "LightPattern3:p3|PatternClock2:clk" ;
+-------+-------+----------+-------------------------------------+
; Port  ; Type  ; Severity ; Details                             ;
+-------+-------+----------+-------------------------------------+
; reset ; Input ; Info     ; Stuck at VCC                        ;
+-------+-------+----------+-------------------------------------+


+----------------------------------------------------------------+
; Port Connectivity Checks: "LightPattern2:p2|PatternClock2:clk" ;
+-------+-------+----------+-------------------------------------+
; Port  ; Type  ; Severity ; Details                             ;
+-------+-------+----------+-------------------------------------+
; reset ; Input ; Info     ; Stuck at VCC                        ;
+-------+-------+----------+-------------------------------------+


+----------------------------------------------------------------+
; Port Connectivity Checks: "LightPattern1:p1|PatternClock1:clk" ;
+-------+-------+----------+-------------------------------------+
; Port  ; Type  ; Severity ; Details                             ;
+-------+-------+----------+-------------------------------------+
; reset ; Input ; Info     ; Stuck at VCC                        ;
+-------+-------+----------+-------------------------------------+


+----------------------------------------------------------------+
; Port Connectivity Checks: "LightPattern0:p0|PatternClock0:clk" ;
+-------+-------+----------+-------------------------------------+
; Port  ; Type  ; Severity ; Details                             ;
+-------+-------+----------+-------------------------------------+
; reset ; Input ; Info     ; Stuck at VCC                        ;
+-------+-------+----------+-------------------------------------+


+-------------------------------+
; Elapsed Time Per Partition    ;
+----------------+--------------+
; Partition Name ; Elapsed Time ;
+----------------+--------------+
; Top            ; 00:00:00     ;
+----------------+--------------+


+-------------------------------+
; Analysis & Synthesis Messages ;
+-------------------------------+
Info: *******************************************************************
Info: Running Quartus II 64-Bit Analysis & Synthesis
    Info: Version 13.0.1 Build 232 06/12/2013 Service Pack 1 SJ Web Edition
    Info: Processing started: Fri Mar 29 15:47:38 2019
Info: Command: quartus_map --read_settings_files=on --write_settings_files=off LightBar -c LightBar
Warning (20028): Parallel compilation is not licensed and has been disabled
Info (12021): Found 2 design units, including 2 entities, in source file LightPattern3.v
    Info (12023): Found entity 1: LightPattern3
    Info (12023): Found entity 2: PatternClock3
Info (12021): Found 2 design units, including 2 entities, in source file LightPattern2.v
    Info (12023): Found entity 1: LightPattern2
    Info (12023): Found entity 2: PatternClock2
Info (12021): Found 2 design units, including 2 entities, in source file LightPattern1.v
    Info (12023): Found entity 1: LightPattern1
    Info (12023): Found entity 2: PatternClock1
Info (12021): Found 2 design units, including 2 entities, in source file LightPattern0.v
    Info (12023): Found entity 1: LightPattern0
    Info (12023): Found entity 2: PatternClock0
Info (12021): Found 1 design units, including 1 entities, in source file LightBar.v
    Info (12023): Found entity 1: LightBar
Info (12021): Found 1 design units, including 1 entities, in source file decoder7Segment.v
    Info (12023): Found entity 1: Decoder7Segment
Info (12021): Found 2 design units, including 2 entities, in source file ControlCircuit.v
    Info (12023): Found entity 1: ControlCircuit
    Info (12023): Found entity 2: ControlerClock
Info (12127): Elaborating entity "LightBar" for the top level hierarchy
Info (12128): Elaborating entity "ControlCircuit" for hierarchy "ControlCircuit:controler"
Info (12128): Elaborating entity "ControlerClock" for hierarchy "ControlCircuit:controler|ControlerClock:clk"
Info (12128): Elaborating entity "Decoder7Segment" for hierarchy "Decoder7Segment:decoder"
Warning (10270): Verilog HDL Case Statement warning at decoder7Segment.v(7): incomplete case statement has no default case item
Warning (10240): Verilog HDL Always Construct warning at decoder7Segment.v(5): inferring latch(es) for variable "segments", which holds its previous value in one or more paths through the always construct
Info (10041): Inferred latch for "segments[6]" at decoder7Segment.v(5)
Info (10041): Inferred latch for "segments[5]" at decoder7Segment.v(5)
Info (10041): Inferred latch for "segments[4]" at decoder7Segment.v(5)
Info (10041): Inferred latch for "segments[3]" at decoder7Segment.v(5)
Info (10041): Inferred latch for "segments[2]" at decoder7Segment.v(5)
Info (10041): Inferred latch for "segments[1]" at decoder7Segment.v(5)
Info (10041): Inferred latch for "segments[0]" at decoder7Segment.v(5)
Info (12128): Elaborating entity "LightPattern0" for hierarchy "LightPattern0:p0"
Warning (10036): Verilog HDL or VHDL warning at LightPattern0.v(4): object "reset" assigned a value but never read
Info (12128): Elaborating entity "PatternClock0" for hierarchy "LightPattern0:p0|PatternClock0:clk"
Info (12128): Elaborating entity "LightPattern1" for hierarchy "LightPattern1:p1"
Warning (10230): Verilog HDL assignment warning at LightPattern1.v(28): truncated value with size 32 to match size of target (2)
Info (12128): Elaborating entity "PatternClock1" for hierarchy "LightPattern1:p1|PatternClock1:clk"
Info (12128): Elaborating entity "LightPattern2" for hierarchy "LightPattern2:p2"
Warning (10230): Verilog HDL assignment warning at LightPattern2.v(28): truncated value with size 32 to match size of target (2)
Info (12128): Elaborating entity "PatternClock2" for hierarchy "LightPattern2:p2|PatternClock2:clk"
Info (12128): Elaborating entity "LightPattern3" for hierarchy "LightPattern3:p3"
Warning (10230): Verilog HDL assignment warning at LightPattern3.v(10): truncated value with size 3 to match size of target (2)
Warning (10230): Verilog HDL assignment warning at LightPattern3.v(22): truncated value with size 3 to match size of target (2)
Warning (10230): Verilog HDL assignment warning at LightPattern3.v(28): truncated value with size 32 to match size of target (2)
Warning (10199): Verilog HDL Case Statement warning at LightPattern3.v(50): case item expression never matches the case expression
Warning (10199): Verilog HDL Case Statement warning at LightPattern3.v(55): case item expression never matches the case expression
Warning (10199): Verilog HDL Case Statement warning at LightPattern3.v(60): case item expression never matches the case expression
Warning (10199): Verilog HDL Case Statement warning at LightPattern3.v(65): case item expression never matches the case expression
Warning (14026): LATCH primitive "Decoder7Segment:decoder|segments[6]" is permanently enabled
Warning (14026): LATCH primitive "Decoder7Segment:decoder|segments[5]" is permanently enabled
Warning (14026): LATCH primitive "Decoder7Segment:decoder|segments[4]" is permanently enabled
Warning (14026): LATCH primitive "Decoder7Segment:decoder|segments[3]" is permanently enabled
Warning (14026): LATCH primitive "Decoder7Segment:decoder|segments[2]" is permanently enabled
Warning (14026): LATCH primitive "Decoder7Segment:decoder|segments[0]" is permanently enabled
Warning (14026): LATCH primitive "Decoder7Segment:decoder|segments[6]" is permanently enabled
Warning (14026): LATCH primitive "Decoder7Segment:decoder|segments[5]" is permanently enabled
Warning (14026): LATCH primitive "Decoder7Segment:decoder|segments[4]" is permanently enabled
Warning (14026): LATCH primitive "Decoder7Segment:decoder|segments[3]" is permanently enabled
Warning (14026): LATCH primitive "Decoder7Segment:decoder|segments[2]" is permanently enabled
Warning (14026): LATCH primitive "Decoder7Segment:decoder|segments[0]" is permanently enabled
Info (13000): Registers with preset signals will power-up high
Info (13003): DEV_CLRn pin will set, and not reset, register with preset signal due to NOT Gate Push-Back
Warning (13004): Presettable and clearable registers converted to equivalent circuits with latches. Registers power-up to an undefined state, and DEVCLRn places the registers in an undefined state.
    Warning (13310): Register "ControlCircuit:controler|state[0]" is converted into an equivalent circuit using register "ControlCircuit:controler|state[0]~_emulated" and latch "ControlCircuit:controler|state[0]~1"
    Warning (13310): Register "ControlCircuit:controler|state[1]" is converted into an equivalent circuit using register "ControlCircuit:controler|state[1]~_emulated" and latch "ControlCircuit:controler|state[1]~5"
Warning (13024): Output pins are stuck at VCC or GND
    Warning (13410): Pin "segment7[1]" is stuck at GND
Info (16010): Generating hard_block partition "hard_block:auto_generated_inst"
    Info (16011): Adding 0 node(s), including 0 DDIO, 0 PLL, 0 transceiver and 0 LCELL
Info (21057): Implemented 478 device resources after synthesis - the final resource count might be different
    Info (21058): Implemented 3 input pins
    Info (21059): Implemented 24 output pins
    Info (21061): Implemented 451 logic cells
Info: Quartus II 64-Bit Analysis & Synthesis was successful. 0 errors, 30 warnings
    Info: Peak virtual memory: 610 megabytes
    Info: Processing ended: Fri Mar 29 15:47:39 2019
    Info: Elapsed time: 00:00:01
    Info: Total CPU time (on all processors): 00:00:01


